<?xml version="1.0" encoding="UTF-8"?>
<!-- Generated by org.testng.reporters.JUnitReportReporter -->
<testsuite hostname="DESKTOP-6QP3AEF" failures="0" tests="4" name="MyTestCases" time="2.529" errors="0" timestamp="2025-01-17T20:00:58 EET" skipped="0">
  <testcase classname="MyTestCases" name="Radio_Button_Example" time="0.091"/>
  <system-out/>
  <testcase classname="MyTestCases" name="Dynamic_Dropdown_Example" time="1.158"/>
  <system-out/>
  <testcase classname="MyTestCases" name="Static_Dropdown" time="0.125"/>
  <system-out/>
  <testcase classname="MyTestCases" name="CheckBoxes" time="1.155"/>
  <system-out/>
</testsuite> <!-- MyTestCases -->
