<?xml version="1.0" encoding="UTF-8"?>
<!-- Generated by org.testng.reporters.JUnitReportReporter -->
<testsuite hostname="DESKTOP-6QP3AEF" failures="0" tests="8" name="MyTestCases" time="0.386" errors="0" timestamp="2025-01-20T02:01:54 EET" skipped="7">
  <testcase classname="MyTestCases" name="Web_Table_Example" time="0.386"/>
  <system-out/>
  <testcase classname="MyTestCases" name="Static_Dropdown">
    <skipped/>
  </testcase> <!-- Static_Dropdown -->
  <system-out/>
  <testcase classname="MyTestCases" name="Switch_Tab">
    <skipped/>
  </testcase> <!-- Switch_Tab -->
  <system-out/>
  <testcase classname="MyTestCases" name="switch_windoe_Button">
    <skipped/>
  </testcase> <!-- switch_windoe_Button -->
  <system-out/>
  <testcase classname="MyTestCases" name="CheckBoxes">
    <skipped/>
  </testcase> <!-- CheckBoxes -->
  <system-out/>
  <testcase classname="MyTestCases" name="Dynamic_Dropdown_Example">
    <skipped/>
  </testcase> <!-- Dynamic_Dropdown_Example -->
  <system-out/>
  <testcase classname="MyTestCases" name="Radio_Button_Example">
    <skipped/>
  </testcase> <!-- Radio_Button_Example -->
  <system-out/>
  <testcase classname="MyTestCases" name="SwitchToAlert">
    <skipped/>
  </testcase> <!-- SwitchToAlert -->
  <system-out/>
</testsuite> <!-- MyTestCases -->
